# JRE version: Java(TM) SE Runtime Environment (8.0_191-b12) (build 1.8.0_191-b12)
# Java VM: Java HotSpot(TM) 64-Bit Server VM (25.191-b12 mixed mode windows-amd64 compressed oops)
Heap:
 PSYoungGen      total 178176K, used 104758K [0x0000000780700000, 0x0000000798a00000, 0x00000007c0000000)
  eden space 175104K, 58% used [0x0000000780700000,0x0000000786a5c698,0x000000078b200000)
  from space 3072K, 98% used [0x0000000798700000,0x00000007989f13d8,0x0000000798a00000)
  to   space 4096K, 0% used [0x0000000798200000,0x0000000798200000,0x0000000798600000)
 ParOldGen       total 131072K, used 7322K [0x0000000701400000, 0x0000000709400000, 0x0000000780700000)
  object space 131072K, 5% used [0x0000000701400000,0x0000000701b269b8,0x0000000709400000)
 Metaspace       used 18000K, capacity 18252K, committed 18432K, reserved 1064960K
  class space    used 2129K, capacity 2216K, committed 2304K, reserved 1048576K
GC Heap History (10 events):
Event: 1.681 GC heap before
{Heap before GC invocations=6 (full 0):
 PSYoungGen      total 106496K, used 100570K [0x0000000780700000, 0x000000078cd00000, 0x00000007c0000000)
  eden space 98304K, 100% used [0x0000000780700000,0x0000000786700000,0x0000000786700000)
  from space 8192K, 27% used [0x0000000786700000,0x0000000786936b48,0x0000000786f00000)
  to   space 3072K, 0% used [0x000000078ca00000,0x000000078ca00000,0x000000078cd00000)
 ParOldGen       total 131072K, used 40K [0x0000000701400000, 0x0000000709400000, 0x0000000780700000)
  object space 131072K, 0% used [0x0000000701400000,0x000000070140a000,0x0000000709400000)
 Metaspace       used 12229K, capacity 12446K, committed 12544K, reserved 1060864K
  class space    used 1355K, capacity 1439K, committed 1536K, reserved 1048576K
Event: 1.684 GC heap after
Heap after GC invocations=6 (full 0):
 PSYoungGen      total 199680K, used 2192K [0x0000000780700000, 0x000000078cd00000, 0x00000007c0000000)
  eden space 196608K, 0% used [0x0000000780700000,0x0000000780700000,0x000000078c700000)
  from space 3072K, 71% used [0x000000078ca00000,0x000000078cc241f8,0x000000078cd00000)
  to   space 3072K, 0% used [0x000000078c700000,0x000000078c700000,0x000000078ca00000)
 ParOldGen       total 131072K, used 48K [0x0000000701400000, 0x0000000709400000, 0x0000000780700000)
  object space 131072K, 0% used [0x0000000701400000,0x000000070140c000,0x0000000709400000)
 Metaspace       used 12229K, capacity 12446K, committed 12544K, reserved 1060864K
  class space    used 1355K, capacity 1439K, committed 1536K, reserved 1048576K
}
Event: 2.176 GC heap before
{Heap before GC invocations=7 (full 0):
 PSYoungGen      total 199680K, used 198800K [0x0000000780700000, 0x000000078cd00000, 0x00000007c0000000)
  eden space 196608K, 100% used [0x0000000780700000,0x000000078c700000,0x000000078c700000)
  from space 3072K, 71% used [0x000000078ca00000,0x000000078cc241f8,0x000000078cd00000)
  to   space 3072K, 0% used [0x000000078c700000,0x000000078c700000,0x000000078ca00000)
 ParOldGen       total 131072K, used 48K [0x0000000701400000, 0x0000000709400000, 0x0000000780700000)
  object space 131072K, 0% used [0x0000000701400000,0x000000070140c000,0x0000000709400000)
 Metaspace       used 12648K, capacity 12868K, committed 13056K, reserved 1060864K
  class space    used 1405K, capacity 1472K, committed 1536K, reserved 1048576K
Event: 2.180 GC heap after
Heap after GC invocations=7 (full 0):
 PSYoungGen      total 199680K, used 403K [0x0000000780700000, 0x0000000798d00000, 0x00000007c0000000)
  eden space 196608K, 0% used [0x0000000780700000,0x0000000780700000,0x000000078c700000)
  from space 3072K, 13% used [0x000000078c700000,0x000000078c764da0,0x000000078ca00000)
  to   space 3072K, 0% used [0x0000000798a00000,0x0000000798a00000,0x0000000798d00000)
 ParOldGen       total 131072K, used 2004K [0x0000000701400000, 0x0000000709400000, 0x0000000780700000)
  object space 131072K, 1% used [0x0000000701400000,0x00000007015f5060,0x0000000709400000)
 Metaspace       used 12648K, capacity 12868K, committed 13056K, reserved 1060864K
  class space    used 1405K, capacity 1472K, committed 1536K, reserved 1048576K
}
Event: 2.804 GC heap before
{Heap before GC invocations=8 (full 0):
 PSYoungGen      total 199680K, used 197011K [0x0000000780700000, 0x0000000798d00000, 0x00000007c0000000)
  eden space 196608K, 100% used [0x0000000780700000,0x000000078c700000,0x000000078c700000)
  from space 3072K, 13% used [0x000000078c700000,0x000000078c764da0,0x000000078ca00000)
  to   space 3072K, 0% used [0x0000000798a00000,0x0000000798a00000,0x0000000798d00000)
 ParOldGen       total 131072K, used 2004K [0x0000000701400000, 0x0000000709400000, 0x0000000780700000)
  object space 131072K, 1% used [0x0000000701400000,0x00000007015f5060,0x0000000709400000)
 Metaspace       used 12822K, capacity 13028K, committed 13312K, reserved 1060864K
  class space    used 1433K, capacity 1504K, committed 1536K, reserved 1048576K
Event: 2.805 GC heap after
Heap after GC invocations=8 (full 0):
 PSYoungGen      total 189440K, used 376K [0x0000000780700000, 0x0000000798a80000, 0x00000007c0000000)
  eden space 188928K, 0% used [0x0000000780700000,0x0000000780700000,0x000000078bf80000)
  from space 512K, 73% used [0x0000000798a00000,0x0000000798a5e1a8,0x0000000798a80000)
  to   space 3584K, 0% used [0x0000000798380000,0x0000000798380000,0x0000000798700000)
 ParOldGen       total 131072K, used 2020K [0x0000000701400000, 0x0000000709400000, 0x0000000780700000)
  object space 131072K, 1% used [0x0000000701400000,0x00000007015f9060,0x0000000709400000)
 Metaspace       used 12822K, capacity 13028K, committed 13312K, reserved 1060864K
  class space    used 1433K, capacity 1504K, committed 1536K, reserved 1048576K
}
Event: 3.250 GC heap before
{Heap before GC invocations=9 (full 0):
 PSYoungGen      total 189440K, used 189304K [0x0000000780700000, 0x0000000798a80000, 0x00000007c0000000)
  eden space 188928K, 100% used [0x0000000780700000,0x000000078bf80000,0x000000078bf80000)
  from space 512K, 73% used [0x0000000798a00000,0x0000000798a5e1a8,0x0000000798a80000)
  to   space 3584K, 0% used [0x0000000798380000,0x0000000798380000,0x0000000798700000)
 ParOldGen       total 131072K, used 2020K [0x0000000701400000, 0x0000000709400000, 0x0000000780700000)
  object space 131072K, 1% used [0x0000000701400000,0x00000007015f9060,0x0000000709400000)
 Metaspace       used 12899K, capacity 13124K, committed 13312K, reserved 1060864K
  class space    used 1446K, capacity 1536K, committed 1536K, reserved 1048576K
Event: 3.250 GC heap after
Heap after GC invocations=9 (full 0):
 PSYoungGen      total 185344K, used 192K [0x0000000780700000, 0x0000000798a80000, 0x00000007c0000000)
  eden space 181760K, 0% used [0x0000000780700000,0x0000000780700000,0x000000078b880000)
  from space 3584K, 5% used [0x0000000798380000,0x00000007983b0000,0x0000000798700000)
  to   space 3584K, 0% used [0x0000000798700000,0x0000000798700000,0x0000000798a80000)
 ParOldGen       total 131072K, used 2116K [0x0000000701400000, 0x0000000709400000, 0x0000000780700000)
  object space 131072K, 1% used [0x0000000701400000,0x0000000701611060,0x0000000709400000)
 Metaspace       used 12899K, capacity 13124K, committed 13312K, reserved 1060864K
  class space    used 1446K, capacity 1536K, committed 1536K, reserved 1048576K
}
Event: 10.675 GC heap before
{Heap before GC invocations=10 (full 0):
 PSYoungGen      total 185344K, used 181952K [0x0000000780700000, 0x0000000798a80000, 0x00000007c0000000)
  eden space 181760K, 100% used [0x0000000780700000,0x000000078b880000,0x000000078b880000)
  from space 3584K, 5% used [0x0000000798380000,0x00000007983b0000,0x0000000798700000)
  to   space 3584K, 0% used [0x0000000798700000,0x0000000798700000,0x0000000798a80000)
 ParOldGen       total 131072K, used 2116K [0x0000000701400000, 0x0000000709400000, 0x0000000780700000)
  object space 131072K, 1% used [0x0000000701400000,0x0000000701611060,0x0000000709400000)
 Metaspace       used 17957K, capacity 18188K, committed 18432K, reserved 1064960K
  class space    used 2124K, capacity 2216K, committed 2304K, reserved 1048576K
Event: 10.678 GC heap after
Heap after GC invocations=10 (full 0):
 PSYoungGen      total 178176K, used 3012K [0x0000000780700000, 0x0000000798a00000, 0x00000007c0000000)
  eden space 175104K, 0% used [0x0000000780700000,0x0000000780700000,0x000000078b200000)
  from space 3072K, 98% used [0x0000000798700000,0x00000007989f13d8,0x0000000798a00000)
  to   space 4096K, 0% used [0x0000000798200000,0x0000000798200000,0x0000000798600000)
 ParOldGen       total 131072K, used 7322K [0x0000000701400000, 0x0000000709400000, 0x0000000780700000)
  object space 131072K, 5% used [0x0000000701400000,0x0000000701b269b8,0x0000000709400000)
 Metaspace       used 17957K, capacity 18188K, committed 18432K, reserved 1064960K
  class space    used 2124K, capacity 2216K, committed 2304K, reserved 1048576K
}

