# JRE version: Java(TM) SE Runtime Environment (8.0_191-b12) (build 1.8.0_191-b12)
# Java VM: Java HotSpot(TM) 64-Bit Server VM (25.191-b12 mixed mode windows-amd64 compressed oops)
Heap:
 PSYoungGen      total 178688K, used 100011K [0x0000000780700000, 0x0000000798b00000, 0x00000007c0000000)
  eden space 175104K, 55% used [0x0000000780700000,0x00000007865324d0,0x000000078b200000)
  from space 3584K, 99% used [0x0000000798780000,0x0000000798af89e0,0x0000000798b00000)
  to   space 5632K, 0% used [0x0000000798000000,0x0000000798000000,0x0000000798580000)
 ParOldGen       total 131072K, used 6650K [0x0000000701400000, 0x0000000709400000, 0x0000000780700000)
  object space 131072K, 5% used [0x0000000701400000,0x0000000701a7e9d8,0x0000000709400000)
 Metaspace       used 17908K, capacity 18158K, committed 18432K, reserved 1064960K
  class space    used 2117K, capacity 2186K, committed 2304K, reserved 1048576K
GC Heap History (10 events):
Event: 1.518 GC heap before
{Heap before GC invocations=6 (full 0):
 PSYoungGen      total 106496K, used 100554K [0x0000000780700000, 0x000000078cd00000, 0x00000007c0000000)
  eden space 98304K, 100% used [0x0000000780700000,0x0000000786700000,0x0000000786700000)
  from space 8192K, 27% used [0x0000000786700000,0x0000000786932b38,0x0000000786f00000)
  to   space 3072K, 0% used [0x000000078ca00000,0x000000078ca00000,0x000000078cd00000)
 ParOldGen       total 131072K, used 40K [0x0000000701400000, 0x0000000709400000, 0x0000000780700000)
  object space 131072K, 0% used [0x0000000701400000,0x000000070140a000,0x0000000709400000)
 Metaspace       used 12219K, capacity 12448K, committed 12544K, reserved 1060864K
  class space    used 1352K, capacity 1441K, committed 1536K, reserved 1048576K
Event: 1.520 GC heap after
Heap after GC invocations=6 (full 0):
 PSYoungGen      total 199680K, used 2208K [0x0000000780700000, 0x000000078cd00000, 0x00000007c0000000)
  eden space 196608K, 0% used [0x0000000780700000,0x0000000780700000,0x000000078c700000)
  from space 3072K, 71% used [0x000000078ca00000,0x000000078cc281e8,0x000000078cd00000)
  to   space 3072K, 0% used [0x000000078c700000,0x000000078c700000,0x000000078ca00000)
 ParOldGen       total 131072K, used 48K [0x0000000701400000, 0x0000000709400000, 0x0000000780700000)
  object space 131072K, 0% used [0x0000000701400000,0x000000070140c000,0x0000000709400000)
 Metaspace       used 12219K, capacity 12448K, committed 12544K, reserved 1060864K
  class space    used 1352K, capacity 1441K, committed 1536K, reserved 1048576K
}
Event: 2.019 GC heap before
{Heap before GC invocations=7 (full 0):
 PSYoungGen      total 199680K, used 198816K [0x0000000780700000, 0x000000078cd00000, 0x00000007c0000000)
  eden space 196608K, 100% used [0x0000000780700000,0x000000078c700000,0x000000078c700000)
  from space 3072K, 71% used [0x000000078ca00000,0x000000078cc281e8,0x000000078cd00000)
  to   space 3072K, 0% used [0x000000078c700000,0x000000078c700000,0x000000078ca00000)
 ParOldGen       total 131072K, used 48K [0x0000000701400000, 0x0000000709400000, 0x0000000780700000)
  object space 131072K, 0% used [0x0000000701400000,0x000000070140c000,0x0000000709400000)
 Metaspace       used 12636K, capacity 12806K, committed 13056K, reserved 1060864K
  class space    used 1401K, capacity 1474K, committed 1536K, reserved 1048576K
Event: 2.022 GC heap after
Heap after GC invocations=7 (full 0):
 PSYoungGen      total 199680K, used 435K [0x0000000780700000, 0x0000000798e00000, 0x00000007c0000000)
  eden space 196608K, 0% used [0x0000000780700000,0x0000000780700000,0x000000078c700000)
  from space 3072K, 14% used [0x000000078c700000,0x000000078c76cda0,0x000000078ca00000)
  to   space 3584K, 0% used [0x0000000798a80000,0x0000000798a80000,0x0000000798e00000)
 ParOldGen       total 131072K, used 2024K [0x0000000701400000, 0x0000000709400000, 0x0000000780700000)
  object space 131072K, 1% used [0x0000000701400000,0x00000007015fa070,0x0000000709400000)
 Metaspace       used 12636K, capacity 12806K, committed 13056K, reserved 1060864K
  class space    used 1401K, capacity 1474K, committed 1536K, reserved 1048576K
}
Event: 2.638 GC heap before
{Heap before GC invocations=8 (full 0):
 PSYoungGen      total 199680K, used 197043K [0x0000000780700000, 0x0000000798e00000, 0x00000007c0000000)
  eden space 196608K, 100% used [0x0000000780700000,0x000000078c700000,0x000000078c700000)
  from space 3072K, 14% used [0x000000078c700000,0x000000078c76cda0,0x000000078ca00000)
  to   space 3584K, 0% used [0x0000000798a80000,0x0000000798a80000,0x0000000798e00000)
 ParOldGen       total 131072K, used 2024K [0x0000000701400000, 0x0000000709400000, 0x0000000780700000)
  object space 131072K, 1% used [0x0000000701400000,0x00000007015fa070,0x0000000709400000)
 Metaspace       used 12813K, capacity 13030K, committed 13312K, reserved 1060864K
  class space    used 1429K, capacity 1506K, committed 1536K, reserved 1048576K
Event: 2.639 GC heap after
Heap after GC invocations=8 (full 0):
 PSYoungGen      total 189440K, used 376K [0x0000000780700000, 0x0000000798b00000, 0x00000007c0000000)
  eden space 188928K, 0% used [0x0000000780700000,0x0000000780700000,0x000000078bf80000)
  from space 512K, 73% used [0x0000000798a80000,0x0000000798ade1a8,0x0000000798b00000)
  to   space 3584K, 0% used [0x0000000798400000,0x0000000798400000,0x0000000798780000)
 ParOldGen       total 131072K, used 2040K [0x0000000701400000, 0x0000000709400000, 0x0000000780700000)
  object space 131072K, 1% used [0x0000000701400000,0x00000007015fe070,0x0000000709400000)
 Metaspace       used 12813K, capacity 13030K, committed 13312K, reserved 1060864K
  class space    used 1429K, capacity 1506K, committed 1536K, reserved 1048576K
}
Event: 3.126 GC heap before
{Heap before GC invocations=9 (full 0):
 PSYoungGen      total 189440K, used 189304K [0x0000000780700000, 0x0000000798b00000, 0x00000007c0000000)
  eden space 188928K, 100% used [0x0000000780700000,0x000000078bf80000,0x000000078bf80000)
  from space 512K, 73% used [0x0000000798a80000,0x0000000798ade1a8,0x0000000798b00000)
  to   space 3584K, 0% used [0x0000000798400000,0x0000000798400000,0x0000000798780000)
 ParOldGen       total 131072K, used 2040K [0x0000000701400000, 0x0000000709400000, 0x0000000780700000)
  object space 131072K, 1% used [0x0000000701400000,0x00000007015fe070,0x0000000709400000)
 Metaspace       used 12890K, capacity 13126K, committed 13440K, reserved 1060864K
  class space    used 1442K, capacity 1538K, committed 1664K, reserved 1048576K
Event: 3.127 GC heap after
Heap after GC invocations=9 (full 0):
 PSYoungGen      total 185344K, used 224K [0x0000000780700000, 0x0000000798b00000, 0x00000007c0000000)
  eden space 181760K, 0% used [0x0000000780700000,0x0000000780700000,0x000000078b880000)
  from space 3584K, 6% used [0x0000000798400000,0x0000000798438000,0x0000000798780000)
  to   space 3584K, 0% used [0x0000000798780000,0x0000000798780000,0x0000000798b00000)
 ParOldGen       total 131072K, used 2136K [0x0000000701400000, 0x0000000709400000, 0x0000000780700000)
  object space 131072K, 1% used [0x0000000701400000,0x0000000701616070,0x0000000709400000)
 Metaspace       used 12890K, capacity 13126K, committed 13440K, reserved 1060864K
  class space    used 1442K, capacity 1538K, committed 1664K, reserved 1048576K
}
Event: 14.358 GC heap before
{Heap before GC invocations=10 (full 0):
 PSYoungGen      total 185344K, used 181984K [0x0000000780700000, 0x0000000798b00000, 0x00000007c0000000)
  eden space 181760K, 100% used [0x0000000780700000,0x000000078b880000,0x000000078b880000)
  from space 3584K, 6% used [0x0000000798400000,0x0000000798438000,0x0000000798780000)
  to   space 3584K, 0% used [0x0000000798780000,0x0000000798780000,0x0000000798b00000)
 ParOldGen       total 131072K, used 2136K [0x0000000701400000, 0x0000000709400000, 0x0000000780700000)
  object space 131072K, 1% used [0x0000000701400000,0x0000000701616070,0x0000000709400000)
 Metaspace       used 17906K, capacity 18158K, committed 18432K, reserved 1064960K
  class space    used 2117K, capacity 2186K, committed 2304K, reserved 1048576K
Event: 14.362 GC heap after
Heap after GC invocations=10 (full 0):
 PSYoungGen      total 178688K, used 3554K [0x0000000780700000, 0x0000000798b00000, 0x00000007c0000000)
  eden space 175104K, 0% used [0x0000000780700000,0x0000000780700000,0x000000078b200000)
  from space 3584K, 99% used [0x0000000798780000,0x0000000798af89e0,0x0000000798b00000)
  to   space 5632K, 0% used [0x0000000798000000,0x0000000798000000,0x0000000798580000)
 ParOldGen       total 131072K, used 6650K [0x0000000701400000, 0x0000000709400000, 0x0000000780700000)
  object space 131072K, 5% used [0x0000000701400000,0x0000000701a7e9d8,0x0000000709400000)
 Metaspace       used 17906K, capacity 18158K, committed 18432K, reserved 1064960K
  class space    used 2117K, capacity 2186K, committed 2304K, reserved 1048576K
}

