# JRE version: Java(TM) SE Runtime Environment (8.0_191-b12) (build 1.8.0_191-b12)
# Java VM: Java HotSpot(TM) 64-Bit Server VM (25.191-b12 mixed mode windows-amd64 compressed oops)
Heap:
 PSYoungGen      total 172032K, used 129540K [0x0000000780700000, 0x000000078c800000, 0x00000007c0000000)
  eden space 168448K, 74% used [0x0000000780700000,0x0000000788201328,0x000000078ab80000)
  from space 3584K, 99% used [0x000000078c480000,0x000000078c7fffb8,0x000000078c800000)
  to   space 5632K, 0% used [0x000000078bd00000,0x000000078bd00000,0x000000078c280000)
 ParOldGen       total 131072K, used 5422K [0x0000000701400000, 0x0000000709400000, 0x0000000780700000)
  object space 131072K, 4% used [0x0000000701400000,0x000000070194ba18,0x0000000709400000)
 Metaspace       used 18315K, capacity 18572K, committed 18944K, reserved 1067008K
  class space    used 2130K, capacity 2216K, committed 2304K, reserved 1048576K
GC Heap History (10 events):
Event: 1.517 GC heap before
{Heap before GC invocations=6 (full 0):
 PSYoungGen      total 106496K, used 100602K [0x0000000780700000, 0x000000078cd00000, 0x00000007c0000000)
  eden space 98304K, 100% used [0x0000000780700000,0x0000000786700000,0x0000000786700000)
  from space 8192K, 28% used [0x0000000786700000,0x000000078693eb48,0x0000000786f00000)
  to   space 3072K, 0% used [0x000000078ca00000,0x000000078ca00000,0x000000078cd00000)
 ParOldGen       total 131072K, used 48K [0x0000000701400000, 0x0000000709400000, 0x0000000780700000)
  object space 131072K, 0% used [0x0000000701400000,0x000000070140c000,0x0000000709400000)
 Metaspace       used 12223K, capacity 12446K, committed 12544K, reserved 1060864K
  class space    used 1355K, capacity 1439K, committed 1536K, reserved 1048576K
Event: 1.519 GC heap after
Heap after GC invocations=6 (full 0):
 PSYoungGen      total 199680K, used 2160K [0x0000000780700000, 0x000000078cd00000, 0x00000007c0000000)
  eden space 196608K, 0% used [0x0000000780700000,0x0000000780700000,0x000000078c700000)
  from space 3072K, 70% used [0x000000078ca00000,0x000000078cc1c1f8,0x000000078cd00000)
  to   space 3072K, 0% used [0x000000078c700000,0x000000078c700000,0x000000078ca00000)
 ParOldGen       total 131072K, used 56K [0x0000000701400000, 0x0000000709400000, 0x0000000780700000)
  object space 131072K, 0% used [0x0000000701400000,0x000000070140e000,0x0000000709400000)
 Metaspace       used 12223K, capacity 12446K, committed 12544K, reserved 1060864K
  class space    used 1355K, capacity 1439K, committed 1536K, reserved 1048576K
}
Event: 2.017 GC heap before
{Heap before GC invocations=7 (full 0):
 PSYoungGen      total 199680K, used 198768K [0x0000000780700000, 0x000000078cd00000, 0x00000007c0000000)
  eden space 196608K, 100% used [0x0000000780700000,0x000000078c700000,0x000000078c700000)
  from space 3072K, 70% used [0x000000078ca00000,0x000000078cc1c1f8,0x000000078cd00000)
  to   space 3072K, 0% used [0x000000078c700000,0x000000078c700000,0x000000078ca00000)
 ParOldGen       total 131072K, used 56K [0x0000000701400000, 0x0000000709400000, 0x0000000780700000)
  object space 131072K, 0% used [0x0000000701400000,0x000000070140e000,0x0000000709400000)
 Metaspace       used 12639K, capacity 12804K, committed 13056K, reserved 1060864K
  class space    used 1405K, capacity 1472K, committed 1536K, reserved 1048576K
Event: 2.020 GC heap after
Heap after GC invocations=7 (full 0):
 PSYoungGen      total 189440K, used 435K [0x0000000780700000, 0x000000078ca80000, 0x00000007c0000000)
  eden space 188928K, 0% used [0x0000000780700000,0x0000000780700000,0x000000078bf80000)
  from space 512K, 85% used [0x000000078c700000,0x000000078c76cda0,0x000000078c780000)
  to   space 3072K, 0% used [0x000000078c780000,0x000000078c780000,0x000000078ca80000)
 ParOldGen       total 131072K, used 2016K [0x0000000701400000, 0x0000000709400000, 0x0000000780700000)
  object space 131072K, 1% used [0x0000000701400000,0x00000007015f8388,0x0000000709400000)
 Metaspace       used 12639K, capacity 12804K, committed 13056K, reserved 1060864K
  class space    used 1405K, capacity 1472K, committed 1536K, reserved 1048576K
}
Event: 2.583 GC heap before
{Heap before GC invocations=8 (full 0):
 PSYoungGen      total 189440K, used 189363K [0x0000000780700000, 0x000000078ca80000, 0x00000007c0000000)
  eden space 188928K, 100% used [0x0000000780700000,0x000000078bf80000,0x000000078bf80000)
  from space 512K, 85% used [0x000000078c700000,0x000000078c76cda0,0x000000078c780000)
  to   space 3072K, 0% used [0x000000078c780000,0x000000078c780000,0x000000078ca80000)
 ParOldGen       total 131072K, used 2016K [0x0000000701400000, 0x0000000709400000, 0x0000000780700000)
  object space 131072K, 1% used [0x0000000701400000,0x00000007015f8388,0x0000000709400000)
 Metaspace       used 12815K, capacity 13028K, committed 13312K, reserved 1060864K
  class space    used 1433K, capacity 1504K, committed 1536K, reserved 1048576K
Event: 2.584 GC heap after
Heap after GC invocations=8 (full 0):
 PSYoungGen      total 182272K, used 344K [0x0000000780700000, 0x000000078c800000, 0x00000007c0000000)
  eden space 181760K, 0% used [0x0000000780700000,0x0000000780700000,0x000000078b880000)
  from space 512K, 67% used [0x000000078c780000,0x000000078c7d61a8,0x000000078c800000)
  to   space 3584K, 0% used [0x000000078c100000,0x000000078c100000,0x000000078c480000)
 ParOldGen       total 131072K, used 2032K [0x0000000701400000, 0x0000000709400000, 0x0000000780700000)
  object space 131072K, 1% used [0x0000000701400000,0x00000007015fc388,0x0000000709400000)
 Metaspace       used 12815K, capacity 13028K, committed 13312K, reserved 1060864K
  class space    used 1433K, capacity 1504K, committed 1536K, reserved 1048576K
}
Event: 3.040 GC heap before
{Heap before GC invocations=9 (full 0):
 PSYoungGen      total 182272K, used 182104K [0x0000000780700000, 0x000000078c800000, 0x00000007c0000000)
  eden space 181760K, 100% used [0x0000000780700000,0x000000078b880000,0x000000078b880000)
  from space 512K, 67% used [0x000000078c780000,0x000000078c7d61a8,0x000000078c800000)
  to   space 3584K, 0% used [0x000000078c100000,0x000000078c100000,0x000000078c480000)
 ParOldGen       total 131072K, used 2032K [0x0000000701400000, 0x0000000709400000, 0x0000000780700000)
  object space 131072K, 1% used [0x0000000701400000,0x00000007015fc388,0x0000000709400000)
 Metaspace       used 12892K, capacity 13124K, committed 13312K, reserved 1060864K
  class space    used 1446K, capacity 1536K, committed 1536K, reserved 1048576K
Event: 3.041 GC heap after
Heap after GC invocations=9 (full 0):
 PSYoungGen      total 178688K, used 224K [0x0000000780700000, 0x000000078c800000, 0x00000007c0000000)
  eden space 175104K, 0% used [0x0000000780700000,0x0000000780700000,0x000000078b200000)
  from space 3584K, 6% used [0x000000078c100000,0x000000078c138000,0x000000078c480000)
  to   space 3584K, 0% used [0x000000078c480000,0x000000078c480000,0x000000078c800000)
 ParOldGen       total 131072K, used 2128K [0x0000000701400000, 0x0000000709400000, 0x0000000780700000)
  object space 131072K, 1% used [0x0000000701400000,0x0000000701614388,0x0000000709400000)
 Metaspace       used 12892K, capacity 13124K, committed 13312K, reserved 1060864K
  class space    used 1446K, capacity 1536K, committed 1536K, reserved 1048576K
}
Event: 17.814 GC heap before
{Heap before GC invocations=10 (full 0):
 PSYoungGen      total 178688K, used 175328K [0x0000000780700000, 0x000000078c800000, 0x00000007c0000000)
  eden space 175104K, 100% used [0x0000000780700000,0x000000078b200000,0x000000078b200000)
  from space 3584K, 6% used [0x000000078c100000,0x000000078c138000,0x000000078c480000)
  to   space 3584K, 0% used [0x000000078c480000,0x000000078c480000,0x000000078c800000)
 ParOldGen       total 131072K, used 2128K [0x0000000701400000, 0x0000000709400000, 0x0000000780700000)
  object space 131072K, 1% used [0x0000000701400000,0x0000000701614388,0x0000000709400000)
 Metaspace       used 18282K, capacity 18508K, committed 18688K, reserved 1064960K
  class space    used 2128K, capacity 2216K, committed 2304K, reserved 1048576K
Event: 17.816 GC heap after
Heap after GC invocations=10 (full 0):
 PSYoungGen      total 172032K, used 3583K [0x0000000780700000, 0x000000078c800000, 0x00000007c0000000)
  eden space 168448K, 0% used [0x0000000780700000,0x0000000780700000,0x000000078ab80000)
  from space 3584K, 99% used [0x000000078c480000,0x000000078c7fffb8,0x000000078c800000)
  to   space 5632K, 0% used [0x000000078bd00000,0x000000078bd00000,0x000000078c280000)
 ParOldGen       total 131072K, used 5422K [0x0000000701400000, 0x0000000709400000, 0x0000000780700000)
  object space 131072K, 4% used [0x0000000701400000,0x000000070194ba18,0x0000000709400000)
 Metaspace       used 18282K, capacity 18508K, committed 18688K, reserved 1064960K
  class space    used 2128K, capacity 2216K, committed 2304K, reserved 1048576K
}

