# JRE version: Java(TM) SE Runtime Environment (8.0_191-b12) (build 1.8.0_191-b12)
# Java VM: Java HotSpot(TM) 64-Bit Server VM (25.191-b12 mixed mode windows-amd64 compressed oops)
Heap:
 PSYoungGen      total 171008K, used 128231K [0x0000000780700000, 0x000000078c700000, 0x00000007c0000000)
  eden space 168448K, 74% used [0x0000000780700000,0x000000078820cec0,0x000000078ab80000)
  from space 2560K, 87% used [0x000000078c480000,0x000000078c6ace20,0x000000078c700000)
  to   space 3584K, 0% used [0x000000078c000000,0x000000078c000000,0x000000078c380000)
 ParOldGen       total 131072K, used 2236K [0x0000000701400000, 0x0000000709400000, 0x0000000780700000)
  object space 131072K, 1% used [0x0000000701400000,0x000000070162f060,0x0000000709400000)
 Metaspace       used 17796K, capacity 18050K, committed 18432K, reserved 1064960K
  class space    used 2111K, capacity 2213K, committed 2304K, reserved 1048576K
GC Heap History (10 events):
Event: 1.559 GC heap before
{Heap before GC invocations=6 (full 0):
 PSYoungGen      total 106496K, used 100554K [0x0000000780700000, 0x000000078cd00000, 0x00000007c0000000)
  eden space 98304K, 100% used [0x0000000780700000,0x0000000786700000,0x0000000786700000)
  from space 8192K, 27% used [0x0000000786700000,0x0000000786932b38,0x0000000786f00000)
  to   space 3072K, 0% used [0x000000078ca00000,0x000000078ca00000,0x000000078cd00000)
 ParOldGen       total 131072K, used 40K [0x0000000701400000, 0x0000000709400000, 0x0000000780700000)
  object space 131072K, 0% used [0x0000000701400000,0x000000070140a000,0x0000000709400000)
 Metaspace       used 12145K, capacity 12282K, committed 12416K, reserved 1060864K
  class space    used 1331K, capacity 1407K, committed 1408K, reserved 1048576K
Event: 1.561 GC heap after
Heap after GC invocations=6 (full 0):
 PSYoungGen      total 199680K, used 2192K [0x0000000780700000, 0x000000078cd00000, 0x00000007c0000000)
  eden space 196608K, 0% used [0x0000000780700000,0x0000000780700000,0x000000078c700000)
  from space 3072K, 71% used [0x000000078ca00000,0x000000078cc241f8,0x000000078cd00000)
  to   space 3072K, 0% used [0x000000078c700000,0x000000078c700000,0x000000078ca00000)
 ParOldGen       total 131072K, used 48K [0x0000000701400000, 0x0000000709400000, 0x0000000780700000)
  object space 131072K, 0% used [0x0000000701400000,0x000000070140c000,0x0000000709400000)
 Metaspace       used 12145K, capacity 12282K, committed 12416K, reserved 1060864K
  class space    used 1331K, capacity 1407K, committed 1408K, reserved 1048576K
}
Event: 2.072 GC heap before
{Heap before GC invocations=7 (full 0):
 PSYoungGen      total 199680K, used 198800K [0x0000000780700000, 0x000000078cd00000, 0x00000007c0000000)
  eden space 196608K, 100% used [0x0000000780700000,0x000000078c700000,0x000000078c700000)
  from space 3072K, 71% used [0x000000078ca00000,0x000000078cc241f8,0x000000078cd00000)
  to   space 3072K, 0% used [0x000000078c700000,0x000000078c700000,0x000000078ca00000)
 ParOldGen       total 131072K, used 48K [0x0000000701400000, 0x0000000709400000, 0x0000000780700000)
  object space 131072K, 0% used [0x0000000701400000,0x000000070140c000,0x0000000709400000)
 Metaspace       used 12563K, capacity 12768K, committed 13056K, reserved 1060864K
  class space    used 1381K, capacity 1440K, committed 1536K, reserved 1048576K
Event: 2.074 GC heap after
Heap after GC invocations=7 (full 0):
 PSYoungGen      total 189440K, used 467K [0x0000000780700000, 0x000000078ca80000, 0x00000007c0000000)
  eden space 188928K, 0% used [0x0000000780700000,0x0000000780700000,0x000000078bf80000)
  from space 512K, 91% used [0x000000078c700000,0x000000078c774da0,0x000000078c780000)
  to   space 3072K, 0% used [0x000000078c780000,0x000000078c780000,0x000000078ca80000)
 ParOldGen       total 131072K, used 2004K [0x0000000701400000, 0x0000000709400000, 0x0000000780700000)
  object space 131072K, 1% used [0x0000000701400000,0x00000007015f5060,0x0000000709400000)
 Metaspace       used 12563K, capacity 12768K, committed 13056K, reserved 1060864K
  class space    used 1381K, capacity 1440K, committed 1536K, reserved 1048576K
}
Event: 2.673 GC heap before
{Heap before GC invocations=8 (full 0):
 PSYoungGen      total 189440K, used 189395K [0x0000000780700000, 0x000000078ca80000, 0x00000007c0000000)
  eden space 188928K, 100% used [0x0000000780700000,0x000000078bf80000,0x000000078bf80000)
  from space 512K, 91% used [0x000000078c700000,0x000000078c774da0,0x000000078c780000)
  to   space 3072K, 0% used [0x000000078c780000,0x000000078c780000,0x000000078ca80000)
 ParOldGen       total 131072K, used 2004K [0x0000000701400000, 0x0000000709400000, 0x0000000780700000)
  object space 131072K, 1% used [0x0000000701400000,0x00000007015f5060,0x0000000709400000)
 Metaspace       used 12740K, capacity 12928K, committed 13056K, reserved 1060864K
  class space    used 1408K, capacity 1472K, committed 1536K, reserved 1048576K
Event: 2.674 GC heap after
Heap after GC invocations=8 (full 0):
 PSYoungGen      total 182272K, used 344K [0x0000000780700000, 0x000000078c800000, 0x00000007c0000000)
  eden space 181760K, 0% used [0x0000000780700000,0x0000000780700000,0x000000078b880000)
  from space 512K, 67% used [0x000000078c780000,0x000000078c7d61a8,0x000000078c800000)
  to   space 3584K, 0% used [0x000000078c100000,0x000000078c100000,0x000000078c480000)
 ParOldGen       total 131072K, used 2036K [0x0000000701400000, 0x0000000709400000, 0x0000000780700000)
  object space 131072K, 1% used [0x0000000701400000,0x00000007015fd060,0x0000000709400000)
 Metaspace       used 12740K, capacity 12928K, committed 13056K, reserved 1060864K
  class space    used 1408K, capacity 1472K, committed 1536K, reserved 1048576K
}
Event: 3.127 GC heap before
{Heap before GC invocations=9 (full 0):
 PSYoungGen      total 182272K, used 182104K [0x0000000780700000, 0x000000078c800000, 0x00000007c0000000)
  eden space 181760K, 100% used [0x0000000780700000,0x000000078b880000,0x000000078b880000)
  from space 512K, 67% used [0x000000078c780000,0x000000078c7d61a8,0x000000078c800000)
  to   space 3584K, 0% used [0x000000078c100000,0x000000078c100000,0x000000078c480000)
 ParOldGen       total 131072K, used 2036K [0x0000000701400000, 0x0000000709400000, 0x0000000780700000)
  object space 131072K, 1% used [0x0000000701400000,0x00000007015fd060,0x0000000709400000)
 Metaspace       used 12818K, capacity 13024K, committed 13056K, reserved 1060864K
  class space    used 1422K, capacity 1504K, committed 1536K, reserved 1048576K
Event: 3.127 GC heap after
Heap after GC invocations=9 (full 0):
 PSYoungGen      total 178688K, used 192K [0x0000000780700000, 0x000000078c800000, 0x00000007c0000000)
  eden space 175104K, 0% used [0x0000000780700000,0x0000000780700000,0x000000078b200000)
  from space 3584K, 5% used [0x000000078c100000,0x000000078c130000,0x000000078c480000)
  to   space 3584K, 0% used [0x000000078c480000,0x000000078c480000,0x000000078c800000)
 ParOldGen       total 131072K, used 2132K [0x0000000701400000, 0x0000000709400000, 0x0000000780700000)
  object space 131072K, 1% used [0x0000000701400000,0x0000000701615060,0x0000000709400000)
 Metaspace       used 12818K, capacity 13024K, committed 13056K, reserved 1060864K
  class space    used 1422K, capacity 1504K, committed 1536K, reserved 1048576K
}
Event: 9.017 GC heap before
{Heap before GC invocations=10 (full 0):
 PSYoungGen      total 178688K, used 175296K [0x0000000780700000, 0x000000078c800000, 0x00000007c0000000)
  eden space 175104K, 100% used [0x0000000780700000,0x000000078b200000,0x000000078b200000)
  from space 3584K, 5% used [0x000000078c100000,0x000000078c130000,0x000000078c480000)
  to   space 3584K, 0% used [0x000000078c480000,0x000000078c480000,0x000000078c800000)
 ParOldGen       total 131072K, used 2132K [0x0000000701400000, 0x0000000709400000, 0x0000000780700000)
  object space 131072K, 1% used [0x0000000701400000,0x0000000701615060,0x0000000709400000)
 Metaspace       used 15828K, capacity 16060K, committed 16384K, reserved 1062912K
  class space    used 1863K, capacity 1956K, committed 2048K, reserved 1048576K
Event: 9.018 GC heap after
Heap after GC invocations=10 (full 0):
 PSYoungGen      total 171008K, used 2227K [0x0000000780700000, 0x000000078c700000, 0x00000007c0000000)
  eden space 168448K, 0% used [0x0000000780700000,0x0000000780700000,0x000000078ab80000)
  from space 2560K, 87% used [0x000000078c480000,0x000000078c6ace20,0x000000078c700000)
  to   space 3584K, 0% used [0x000000078c000000,0x000000078c000000,0x000000078c380000)
 ParOldGen       total 131072K, used 2236K [0x0000000701400000, 0x0000000709400000, 0x0000000780700000)
  object space 131072K, 1% used [0x0000000701400000,0x000000070162f060,0x0000000709400000)
 Metaspace       used 15828K, capacity 16060K, committed 16384K, reserved 1062912K
  class space    used 1863K, capacity 1956K, committed 2048K, reserved 1048576K
}

