# JRE version: Java(TM) SE Runtime Environment (8.0_191-b12) (build 1.8.0_191-b12)
# Java VM: Java HotSpot(TM) 64-Bit Server VM (25.191-b12 mixed mode windows-amd64 compressed oops)
Heap:
 PSYoungGen      total 380928K, used 143316K [0x0000000780700000, 0x0000000798d80000, 0x00000007c0000000)
  eden space 375808K, 36% used [0x0000000780700000,0x0000000788df8e60,0x0000000797600000)
  from space 5120K, 99% used [0x0000000798700000,0x0000000798bfc260,0x0000000798c00000)
  to   space 1536K, 0% used [0x0000000798c00000,0x0000000798c00000,0x0000000798d80000)
 ParOldGen       total 131072K, used 7527K [0x0000000701400000, 0x0000000709400000, 0x0000000780700000)
  object space 131072K, 5% used [0x0000000701400000,0x0000000701b59ef8,0x0000000709400000)
 Metaspace       used 19655K, capacity 19840K, committed 20096K, reserved 1067008K
  class space    used 2261K, capacity 2322K, committed 2432K, reserved 1048576K
GC Heap History (10 events):
Event: 20.920 GC heap before
{Heap before GC invocations=5 (full 0):
 PSYoungGen      total 106496K, used 102324K [0x0000000780700000, 0x0000000787700000, 0x00000007c0000000)
  eden space 98304K, 100% used [0x0000000780700000,0x0000000786700000,0x0000000786700000)
  from space 8192K, 49% used [0x0000000786f00000,0x00000007872ed358,0x0000000787700000)
  to   space 8192K, 0% used [0x0000000786700000,0x0000000786700000,0x0000000786f00000)
 ParOldGen       total 131072K, used 40K [0x0000000701400000, 0x0000000709400000, 0x0000000780700000)
  object space 131072K, 0% used [0x0000000701400000,0x000000070140a000,0x0000000709400000)
 Metaspace       used 17201K, capacity 17414K, committed 17536K, reserved 1064960K
  class space    used 2022K, capacity 2095K, committed 2176K, reserved 1048576K
Event: 20.924 GC heap after
Heap after GC invocations=5 (full 0):
 PSYoungGen      total 106496K, used 4285K [0x0000000780700000, 0x000000078d100000, 0x00000007c0000000)
  eden space 98304K, 0% used [0x0000000780700000,0x0000000780700000,0x0000000786700000)
  from space 8192K, 52% used [0x0000000786700000,0x0000000786b2f7f0,0x0000000786f00000)
  to   space 5120K, 0% used [0x000000078cc00000,0x000000078cc00000,0x000000078d100000)
 ParOldGen       total 131072K, used 48K [0x0000000701400000, 0x0000000709400000, 0x0000000780700000)
  object space 131072K, 0% used [0x0000000701400000,0x000000070140c000,0x0000000709400000)
 Metaspace       used 17201K, capacity 17414K, committed 17536K, reserved 1064960K
  class space    used 2022K, capacity 2095K, committed 2176K, reserved 1048576K
}
Event: 21.171 GC heap before
{Heap before GC invocations=6 (full 0):
 PSYoungGen      total 106496K, used 102589K [0x0000000780700000, 0x000000078d100000, 0x00000007c0000000)
  eden space 98304K, 100% used [0x0000000780700000,0x0000000786700000,0x0000000786700000)
  from space 8192K, 52% used [0x0000000786700000,0x0000000786b2f7f0,0x0000000786f00000)
  to   space 5120K, 0% used [0x000000078cc00000,0x000000078cc00000,0x000000078d100000)
 ParOldGen       total 131072K, used 48K [0x0000000701400000, 0x0000000709400000, 0x0000000780700000)
  object space 131072K, 0% used [0x0000000701400000,0x000000070140c000,0x0000000709400000)
 Metaspace       used 17352K, capacity 17542K, committed 17792K, reserved 1064960K
  class space    used 2026K, capacity 2095K, committed 2176K, reserved 1048576K
Event: 21.175 GC heap after
Heap after GC invocations=6 (full 0):
 PSYoungGen      total 201728K, used 4179K [0x0000000780700000, 0x000000078d100000, 0x00000007c0000000)
  eden space 196608K, 0% used [0x0000000780700000,0x0000000780700000,0x000000078c700000)
  from space 5120K, 81% used [0x000000078cc00000,0x000000078d014ea0,0x000000078d100000)
  to   space 5120K, 0% used [0x000000078c700000,0x000000078c700000,0x000000078cc00000)
 ParOldGen       total 131072K, used 56K [0x0000000701400000, 0x0000000709400000, 0x0000000780700000)
  object space 131072K, 0% used [0x0000000701400000,0x000000070140e000,0x0000000709400000)
 Metaspace       used 17352K, capacity 17542K, committed 17792K, reserved 1064960K
  class space    used 2026K, capacity 2095K, committed 2176K, reserved 1048576K
}
Event: 21.714 GC heap before
{Heap before GC invocations=7 (full 0):
 PSYoungGen      total 201728K, used 200787K [0x0000000780700000, 0x000000078d100000, 0x00000007c0000000)
  eden space 196608K, 100% used [0x0000000780700000,0x000000078c700000,0x000000078c700000)
  from space 5120K, 81% used [0x000000078cc00000,0x000000078d014ea0,0x000000078d100000)
  to   space 5120K, 0% used [0x000000078c700000,0x000000078c700000,0x000000078cc00000)
 ParOldGen       total 131072K, used 56K [0x0000000701400000, 0x0000000709400000, 0x0000000780700000)
  object space 131072K, 0% used [0x0000000701400000,0x000000070140e000,0x0000000709400000)
 Metaspace       used 17763K, capacity 17996K, committed 18048K, reserved 1064960K
  class space    used 2076K, capacity 2160K, committed 2176K, reserved 1048576K
Event: 21.720 GC heap after
Heap after GC invocations=7 (full 0):
 PSYoungGen      total 201728K, used 403K [0x0000000780700000, 0x0000000799300000, 0x00000007c0000000)
  eden space 196608K, 0% used [0x0000000780700000,0x0000000780700000,0x000000078c700000)
  from space 5120K, 7% used [0x000000078c700000,0x000000078c764da0,0x000000078cc00000)
  to   space 6144K, 0% used [0x0000000798d00000,0x0000000798d00000,0x0000000799300000)
 ParOldGen       total 131072K, used 4008K [0x0000000701400000, 0x0000000709400000, 0x0000000780700000)
  object space 131072K, 3% used [0x0000000701400000,0x00000007017ea368,0x0000000709400000)
 Metaspace       used 17763K, capacity 17996K, committed 18048K, reserved 1064960K
  class space    used 2076K, capacity 2160K, committed 2176K, reserved 1048576K
}
Event: 22.418 GC heap before
{Heap before GC invocations=8 (full 0):
 PSYoungGen      total 201728K, used 197011K [0x0000000780700000, 0x0000000799300000, 0x00000007c0000000)
  eden space 196608K, 100% used [0x0000000780700000,0x000000078c700000,0x000000078c700000)
  from space 5120K, 7% used [0x000000078c700000,0x000000078c764da0,0x000000078cc00000)
  to   space 6144K, 0% used [0x0000000798d00000,0x0000000798d00000,0x0000000799300000)
 ParOldGen       total 131072K, used 4008K [0x0000000701400000, 0x0000000709400000, 0x0000000780700000)
  object space 131072K, 3% used [0x0000000701400000,0x00000007017ea368,0x0000000709400000)
 Metaspace       used 17928K, capacity 18156K, committed 18432K, reserved 1064960K
  class space    used 2103K, capacity 2192K, committed 2304K, reserved 1048576K
Event: 22.419 GC heap after
Heap after GC invocations=8 (full 0):
 PSYoungGen      total 399360K, used 344K [0x0000000780700000, 0x0000000799300000, 0x00000007c0000000)
  eden space 393216K, 0% used [0x0000000780700000,0x0000000780700000,0x0000000798700000)
  from space 6144K, 5% used [0x0000000798d00000,0x0000000798d561a8,0x0000000799300000)
  to   space 6144K, 0% used [0x0000000798700000,0x0000000798700000,0x0000000798d00000)
 ParOldGen       total 131072K, used 4024K [0x0000000701400000, 0x0000000709400000, 0x0000000780700000)
  object space 131072K, 3% used [0x0000000701400000,0x00000007017ee368,0x0000000709400000)
 Metaspace       used 17928K, capacity 18156K, committed 18432K, reserved 1064960K
  class space    used 2103K, capacity 2192K, committed 2304K, reserved 1048576K
}
Event: 32.588 GC heap before
{Heap before GC invocations=9 (full 0):
 PSYoungGen      total 399360K, used 393560K [0x0000000780700000, 0x0000000799300000, 0x00000007c0000000)
  eden space 393216K, 100% used [0x0000000780700000,0x0000000798700000,0x0000000798700000)
  from space 6144K, 5% used [0x0000000798d00000,0x0000000798d561a8,0x0000000799300000)
  to   space 6144K, 0% used [0x0000000798700000,0x0000000798700000,0x0000000798d00000)
 ParOldGen       total 131072K, used 4024K [0x0000000701400000, 0x0000000709400000, 0x0000000780700000)
  object space 131072K, 3% used [0x0000000701400000,0x00000007017ee368,0x0000000709400000)
 Metaspace       used 18808K, capacity 19008K, committed 19200K, reserved 1067008K
  class space    used 2194K, capacity 2258K, committed 2304K, reserved 1048576K
Event: 32.591 GC heap after
Heap after GC invocations=9 (full 0):
 PSYoungGen      total 380928K, used 5104K [0x0000000780700000, 0x0000000798d80000, 0x00000007c0000000)
  eden space 375808K, 0% used [0x0000000780700000,0x0000000780700000,0x0000000797600000)
  from space 5120K, 99% used [0x0000000798700000,0x0000000798bfc260,0x0000000798c00000)
  to   space 1536K, 0% used [0x0000000798c00000,0x0000000798c00000,0x0000000798d80000)
 ParOldGen       total 131072K, used 7527K [0x0000000701400000, 0x0000000709400000, 0x0000000780700000)
  object space 131072K, 5% used [0x0000000701400000,0x0000000701b59ef8,0x0000000709400000)
 Metaspace       used 18808K, capacity 19008K, committed 19200K, reserved 1067008K
  class space    used 2194K, capacity 2258K, committed 2304K, reserved 1048576K
}

